<?xml version="1.0" encoding="UTF-8"?>
<testsuite name="demo.repository.VehicleRepositoryTest" tests="1" skipped="0" failures="1" errors="0" timestamp="2022-12-13T15:25:09" hostname="Tsimurs-MacBook-Pro.local" time="0.471">
  <properties/>
  <testcase name="findByUserIdTest()" classname="demo.repository.VehicleRepositoryTest" time="0.471">
    <failure message="java.lang.StackOverflowError" type="java.lang.StackOverflowError">java.lang.StackOverflowError
	at demo.model.Vehicle.toString(Vehicle.java:88)
	at java.base/java.lang.StringConcatHelper.stringOf(StringConcatHelper.java:453)
	at demo.model.Insurance.toString(Insurance.java:79)
	at java.base/java.lang.StringConcatHelper.stringOf(StringConcatHelper.java:453)
	at demo.model.Vehicle.toString(Vehicle.java:88)
	at java.base/java.lang.StringConcatHelper.stringOf(StringConcatHelper.java:453)
	at demo.model.Insurance.toString(Insurance.java:79)
	at java.base/java.lang.StringConcatHelper.stringOf(StringConcatHelper.java:453)
	at demo.model.Vehicle.toString(Vehicle.java:88)
	at java.base/java.lang.StringConcatHelper.stringOf(StringConcatHelper.java:453)
	at demo.model.Insurance.toString(Insurance.java:79)
	at java.base/java.lang.StringConcatHelper.stringOf(StringConcatHelper.java:453)
	at demo.model.Vehicle.toString(Vehicle.java:88)
	at java.base/java.lang.StringConcatHelper.stringOf(StringConcatHelper.java:453)
	at demo.model.Insurance.toString(Insurance.java:79)
	at java.base/java.lang.StringConcatHelper.stringOf(StringConcatHelper.java:453)
	at demo.model.Vehicle.toString(Vehicle.java:88)
	at java.base/java.lang.StringConcatHelper.stringOf(StringConcatHelper.java:453)
	at demo.model.Insurance.toString(Insurance.java:79)
	at java.base/java.lang.StringConcatHelper.stringOf(StringConcatHelper.java:453)
	at demo.model.Vehicle.toString(Vehicle.java:88)
	at java.base/java.lang.StringConcatHelper.stringOf(StringConcatHelper.java:453)
	at demo.model.Insurance.toString(Insurance.java:79)
	at java.base/java.lang.StringConcatHelper.stringOf(StringConcatHelper.java:453)
	at demo.model.Vehicle.toString(Vehicle.java:88)
	at java.base/java.lang.StringConcatHelper.stringOf(StringConcatHelper.java:453)
	at demo.model.Insurance.toString(Insurance.java:79)
	at java.base/java.lang.StringConcatHelper.stringOf(StringConcatHelper.java:453)
	at demo.model.Vehicle.toString(Vehicle.java:88)
	at java.base/java.lang.StringConcatHelper.stringOf(StringConcatHelper.java:453)
	at demo.model.Insurance.toString(Insurance.java:79)
	at java.base/java.lang.StringConcatHelper.stringOf(StringConcatHelper.java:453)
	at demo.model.Vehicle.toString(Vehicle.java:88)
	at java.base/java.lang.StringConcatHelper.stringOf(StringConcatHelper.java:453)
	at demo.model.Insurance.toString(Insurance.java:79)
	at java.base/java.lang.StringConcatHelper.stringOf(StringConcatHelper.java:453)
	at demo.model.Vehicle.toString(Vehicle.java:88)
	at java.base/java.lang.StringConcatHelper.stringOf(StringConcatHelper.java:453)
	at demo.model.Insurance.toString(Insurance.java:79)
	at java.base/java.lang.StringConcatHelper.stringOf(StringConcatHelper.java:453)
	at demo.model.Vehicle.toString(Vehicle.java:88)
	at java.base/java.lang.StringConcatHelper.stringOf(StringConcatHelper.java:453)
	at demo.model.Insurance.toString(Insurance.java:79)
	at java.base/java.lang.StringConcatHelper.stringOf(StringConcatHelper.java:453)
	at demo.model.Vehicle.toString(Vehicle.java:88)
	at java.base/java.lang.StringConcatHelper.stringOf(StringConcatHelper.java:453)
	at demo.model.Insurance.toString(Insurance.java:79)
	at java.base/java.lang.StringConcatHelper.stringOf(StringConcatHelper.java:453)
	at demo.model.Vehicle.toString(Vehicle.java:88)
	at java.base/java.lang.StringConcatHelper.stringOf(StringConcatHelper.java:453)
	at demo.model.Insurance.toString(Insurance.java:79)
	at java.base/java.lang.StringConcatHelper.stringOf(StringConcatHelper.java:453)
	at demo.model.Vehicle.toString(Vehicle.java:88)
	at java.base/java.lang.StringConcatHelper.stringOf(StringConcatHelper.java:453)
	at demo.model.Insurance.toString(Insurance.java:79)
	at java.base/java.lang.StringConcatHelper.stringOf(StringConcatHelper.java:453)
	at demo.model.Vehicle.toString(Vehicle.java:88)
	at java.base/java.lang.StringConcatHelper.stringOf(StringConcatHelper.java:453)
	at demo.model.Insurance.toString(Insurance.java:79)
	at java.base/java.lang.StringConcatHelper.stringOf(StringConcatHelper.java:453)
	at demo.model.Vehicle.toString(Vehicle.java:88)
	at java.base/java.lang.StringConcatHelper.stringOf(StringConcatHelper.java:453)
	at demo.model.Insurance.toString(Insurance.java:79)
	at java.base/java.lang.StringConcatHelper.stringOf(StringConcatHelper.java:453)
	at demo.model.Vehicle.toString(Vehicle.java:88)
	at java.base/java.lang.StringConcatHelper.stringOf(StringConcatHelper.java:453)
	at demo.model.Insurance.toString(Insurance.java:79)
	at java.base/java.lang.StringConcatHelper.stringOf(StringConcatHelper.java:453)
	at demo.model.Vehicle.toString(Vehicle.java:88)
	at java.base/java.lang.StringConcatHelper.stringOf(StringConcatHelper.java:453)
	at demo.model.Insurance.toString(Insurance.java:79)
	at java.base/java.lang.StringConcatHelper.stringOf(StringConcatHelper.java:453)
	at demo.model.Vehicle.toString(Vehicle.java:88)
	at java.base/java.lang.StringConcatHelper.stringOf(StringConcatHelper.java:453)
	at demo.model.Insurance.toString(Insurance.java:79)
	at java.base/java.lang.StringConcatHelper.stringOf(StringConcatHelper.java:453)
	at demo.model.Vehicle.toString(Vehicle.java:88)
	at java.base/java.lang.StringConcatHelper.stringOf(StringConcatHelper.java:453)
	at demo.model.Insurance.toString(Insurance.java:79)
	at java.base/java.lang.StringConcatHelper.stringOf(StringConcatHelper.java:453)
	at demo.model.Vehicle.toString(Vehicle.java:88)
	at java.base/java.lang.StringConcatHelper.stringOf(StringConcatHelper.java:453)
	at demo.model.Insurance.toString(Insurance.java:79)
	at java.base/java.lang.StringConcatHelper.stringOf(StringConcatHelper.java:453)
	at demo.model.Vehicle.toString(Vehicle.java:88)
	at java.base/java.lang.StringConcatHelper.stringOf(StringConcatHelper.java:453)
	at demo.model.Insurance.toString(Insurance.java:79)
	at java.base/java.lang.StringConcatHelper.stringOf(StringConcatHelper.java:453)
	at demo.model.Vehicle.toString(Vehicle.java:88)
	at java.base/java.lang.StringConcatHelper.stringOf(StringConcatHelper.java:453)
	at demo.model.Insurance.toString(Insurance.java:79)
	at java.base/java.lang.StringConcatHelper.stringOf(StringConcatHelper.java:453)
	at demo.model.Vehicle.toString(Vehicle.java:88)
	at java.base/java.lang.StringConcatHelper.stringOf(StringConcatHelper.java:453)
	at demo.model.Insurance.toString(Insurance.java:79)
	at java.base/java.lang.StringConcatHelper.stringOf(StringConcatHelper.java:453)
	at demo.model.Vehicle.toString(Vehicle.java:88)
	at java.base/java.lang.StringConcatHelper.stringOf(StringConcatHelper.java:453)
	at demo.model.Insurance.toString(Insurance.java:79)
	at java.base/java.lang.StringConcatHelper.stringOf(StringConcatHelper.java:453)
	at demo.model.Vehicle.toString(Vehicle.java:88)
	at java.base/java.lang.StringConcatHelper.stringOf(StringConcatHelper.java:453)
	at demo.model.Insurance.toString(Insurance.java:79)
	at java.base/java.lang.StringConcatHelper.stringOf(StringConcatHelper.java:453)
	at demo.model.Vehicle.toString(Vehicle.java:88)
	at java.base/java.lang.StringConcatHelper.stringOf(StringConcatHelper.java:453)
	at demo.model.Insurance.toString(Insurance.java:79)
	at java.base/java.lang.StringConcatHelper.stringOf(StringConcatHelper.java:453)
	at demo.model.Vehicle.toString(Vehicle.java:88)
	at java.base/java.lang.StringConcatHelper.stringOf(StringConcatHelper.java:453)
	at demo.model.Insurance.toString(Insurance.java:79)
	at java.base/java.lang.StringConcatHelper.stringOf(StringConcatHelper.java:453)
	at demo.model.Vehicle.toString(Vehicle.java:88)
	at java.base/java.lang.StringConcatHelper.stringOf(StringConcatHelper.java:453)
	at demo.model.Insurance.toString(Insurance.java:79)
	at java.base/java.lang.StringConcatHelper.stringOf(StringConcatHelper.java:453)
	at demo.model.Vehicle.toString(Vehicle.java:88)
	at java.base/java.lang.StringConcatHelper.stringOf(StringConcatHelper.java:453)
	at demo.model.Insurance.toString(Insurance.java:79)
	at java.base/java.lang.StringConcatHelper.stringOf(StringConcatHelper.java:453)
	at demo.model.Vehicle.toString(Vehicle.java:88)
	at java.base/java.lang.StringConcatHelper.stringOf(StringConcatHelper.java:453)
	at demo.model.Insurance.toString(Insurance.java:79)
	at java.base/java.lang.StringConcatHelper.stringOf(StringConcatHelper.java:453)
	at demo.model.Vehicle.toString(Vehicle.java:88)
	at java.base/java.lang.StringConcatHelper.stringOf(StringConcatHelper.java:453)
	at demo.model.Insurance.toString(Insurance.java:79)
	at java.base/java.lang.StringConcatHelper.stringOf(StringConcatHelper.java:453)
	at demo.model.Vehicle.toString(Vehicle.java:88)
	at java.base/java.lang.StringConcatHelper.stringOf(StringConcatHelper.java:453)
	at demo.model.Insurance.toString(Insurance.java:79)
	at java.base/java.lang.StringConcatHelper.stringOf(StringConcatHelper.java:453)
	at demo.model.Vehicle.toString(Vehicle.java:88)
	at java.base/java.lang.StringConcatHelper.stringOf(StringConcatHelper.java:453)
	at demo.model.Insurance.toString(Insurance.java:79)
	at java.base/java.lang.StringConcatHelper.stringOf(StringConcatHelper.java:453)
	at demo.model.Vehicle.toString(Vehicle.java:88)
	at java.base/java.lang.StringConcatHelper.stringOf(StringConcatHelper.java:453)
	at demo.model.Insurance.toString(Insurance.java:79)
	at java.base/java.lang.StringConcatHelper.stringOf(StringConcatHelper.java:453)
	at demo.model.Vehicle.toString(Vehicle.java:88)
	at java.base/java.lang.StringConcatHelper.stringOf(StringConcatHelper.java:453)
	at demo.model.Insurance.toString(Insurance.java:79)
	at java.base/java.lang.StringConcatHelper.stringOf(StringConcatHelper.java:453)
	at demo.model.Vehicle.toString(Vehicle.java:88)
	at java.base/java.lang.StringConcatHelper.stringOf(StringConcatHelper.java:453)
	at demo.model.Insurance.toString(Insurance.java:79)
	at java.base/java.lang.StringConcatHelper.stringOf(StringConcatHelper.java:453)
	at demo.model.Vehicle.toString(Vehicle.java:88)
	at java.base/java.lang.StringConcatHelper.stringOf(StringConcatHelper.java:453)
	at demo.model.Insurance.toString(Insurance.java:79)
	at java.base/java.lang.StringConcatHelper.stringOf(StringConcatHelper.java:453)
	at demo.model.Vehicle.toString(Vehicle.java:88)
	at java.base/java.lang.StringConcatHelper.stringOf(StringConcatHelper.java:453)
	at demo.model.Insurance.toString(Insurance.java:79)
	at java.base/java.lang.StringConcatHelper.stringOf(StringConcatHelper.java:453)
	at demo.model.Vehicle.toString(Vehicle.java:88)
	at java.base/java.lang.StringConcatHelper.stringOf(StringConcatHelper.java:453)
	at demo.model.Insurance.toString(Insurance.java:79)
	at java.base/java.lang.StringConcatHelper.stringOf(StringConcatHelper.java:453)
	at demo.model.Vehicle.toString(Vehicle.java:88)
	at java.base/java.lang.StringConcatHelper.stringOf(StringConcatHelper.java:453)
	at demo.model.Insurance.toString(Insurance.java:79)
	at java.base/java.lang.StringConcatHelper.stringOf(StringConcatHelper.java:453)
	at demo.model.Vehicle.toString(Vehicle.java:88)
	at java.base/java.lang.StringConcatHelper.stringOf(StringConcatHelper.java:453)
	at demo.model.Insurance.toString(Insurance.java:79)
	at java.base/java.lang.StringConcatHelper.stringOf(StringConcatHelper.java:453)
	at demo.model.Vehicle.toString(Vehicle.java:88)
	at java.base/java.lang.StringConcatHelper.stringOf(StringConcatHelper.java:453)
	at demo.model.Insurance.toString(Insurance.java:79)
	at java.base/java.lang.StringConcatHelper.stringOf(StringConcatHelper.java:453)
	at demo.model.Vehicle.toString(Vehicle.java:88)
	at java.base/java.lang.StringConcatHelper.stringOf(StringConcatHelper.java:453)
	at demo.model.Insurance.toString(Insurance.java:79)
	at java.base/java.lang.StringConcatHelper.stringOf(StringConcatHelper.java:453)
	at demo.model.Vehicle.toString(Vehicle.java:88)
	at java.base/java.lang.StringConcatHelper.stringOf(StringConcatHelper.java:453)
	at demo.model.Insurance.toString(Insurance.java:79)
	at java.base/java.lang.StringConcatHelper.stringOf(StringConcatHelper.java:453)
	at demo.model.Vehicle.toString(Vehicle.java:88)
	at java.base/java.lang.StringConcatHelper.stringOf(StringConcatHelper.java:453)
	at demo.model.Insurance.toString(Insurance.java:79)
	at java.base/java.lang.StringConcatHelper.stringOf(StringConcatHelper.java:453)
	at demo.model.Vehicle.toString(Vehicle.java:88)
	at java.base/java.lang.StringConcatHelper.stringOf(StringConcatHelper.java:453)
	at demo.model.Insurance.toString(Insurance.java:79)
	at java.base/java.lang.StringConcatHelper.stringOf(StringConcatHelper.java:453)
	at demo.model.Vehicle.toString(Vehicle.java:88)
	at java.base/java.lang.StringConcatHelper.stringOf(StringConcatHelper.java:453)
	at demo.model.Insurance.toString(Insurance.java:79)
	at java.base/java.lang.StringConcatHelper.stringOf(StringConcatHelper.java:453)
	at demo.model.Vehicle.toString(Vehicle.java:88)
	at java.base/java.lang.StringConcatHelper.stringOf(StringConcatHelper.java:453)
	at demo.model.Insurance.toString(Insurance.java:79)
	at java.base/java.lang.StringConcatHelper.stringOf(StringConcatHelper.java:453)
	at demo.model.Vehicle.toString(Vehicle.java:88)
	at java.base/java.lang.StringConcatHelper.stringOf(StringConcatHelper.java:453)
	at demo.model.Insurance.toString(Insurance.java:79)
	at java.base/java.lang.StringConcatHelper.stringOf(StringConcatHelper.java:453)
	at demo.model.Vehicle.toString(Vehicle.java:88)
	at java.base/java.lang.StringConcatHelper.stringOf(StringConcatHelper.java:453)
	at demo.model.Insurance.toString(Insurance.java:79)
	at java.base/java.lang.StringConcatHelper.stringOf(StringConcatHelper.java:453)
	at demo.model.Vehicle.toString(Vehicle.java:88)
	at java.base/java.lang.StringConcatHelper.stringOf(StringConcatHelper.java:453)
	at demo.model.Insurance.toString(Insurance.java:79)
	at java.base/java.lang.StringConcatHelper.stringOf(StringConcatHelper.java:453)
	at demo.model.Vehicle.toString(Vehicle.java:88)
	at java.base/java.lang.StringConcatHelper.stringOf(StringConcatHelper.java:453)
	at demo.model.Insurance.toString(Insurance.java:79)
	at java.base/java.lang.StringConcatHelper.stringOf(StringConcatHelper.java:453)
	at demo.model.Vehicle.toString(Vehicle.java:88)
	at java.base/java.lang.StringConcatHelper.stringOf(StringConcatHelper.java:453)
	at demo.model.Insurance.toString(Insurance.java:79)
	at java.base/java.lang.StringConcatHelper.stringOf(StringConcatHelper.java:453)
	at demo.model.Vehicle.toString(Vehicle.java:88)
	at java.base/java.lang.StringConcatHelper.stringOf(StringConcatHelper.java:453)
	at demo.model.Insurance.toString(Insurance.java:79)
	at java.base/java.lang.StringConcatHelper.stringOf(StringConcatHelper.java:453)
	at demo.model.Vehicle.toString(Vehicle.java:88)
	at java.base/java.lang.StringConcatHelper.stringOf(StringConcatHelper.java:453)
	at demo.model.Insurance.toString(Insurance.java:79)
	at java.base/java.lang.StringConcatHelper.stringOf(StringConcatHelper.java:453)
	at demo.model.Vehicle.toString(Vehicle.java:88)
	at java.base/java.lang.StringConcatHelper.stringOf(StringConcatHelper.java:453)
	at demo.model.Insurance.toString(Insurance.java:79)
	at java.base/java.lang.StringConcatHelper.stringOf(StringConcatHelper.java:453)
	at demo.model.Vehicle.toString(Vehicle.java:88)
	at java.base/java.lang.StringConcatHelper.stringOf(StringConcatHelper.java:453)
	at demo.model.Insurance.toString(Insurance.java:79)
	at java.base/java.lang.StringConcatHelper.stringOf(StringConcatHelper.java:453)
	at demo.model.Vehicle.toString(Vehicle.java:88)
	at java.base/java.lang.StringConcatHelper.stringOf(StringConcatHelper.java:453)
	at demo.model.Insurance.toString(Insurance.java:79)
	at java.base/java.lang.StringConcatHelper.stringOf(StringConcatHelper.java:453)
	at demo.model.Vehicle.toString(Vehicle.java:88)
	at java.base/java.lang.StringConcatHelper.stringOf(StringConcatHelper.java:453)
	at demo.model.Insurance.toString(Insurance.java:79)
	at java.base/java.lang.StringConcatHelper.stringOf(StringConcatHelper.java:453)
	at demo.model.Vehicle.toString(Vehicle.java:88)
	at java.base/java.lang.StringConcatHelper.stringOf(StringConcatHelper.java:453)
	at demo.model.Insurance.toString(Insurance.java:79)
	at java.base/java.lang.StringConcatHelper.stringOf(StringConcatHelper.java:453)
	at demo.model.Vehicle.toString(Vehicle.java:88)
	at java.base/java.lang.StringConcatHelper.stringOf(StringConcatHelper.java:453)
	at demo.model.Insurance.toString(Insurance.java:79)
	at java.base/java.lang.StringConcatHelper.stringOf(StringConcatHelper.java:453)
	at demo.model.Vehicle.toString(Vehicle.java:88)
	at java.base/java.lang.StringConcatHelper.stringOf(StringConcatHelper.java:453)
	at demo.model.Insurance.toString(Insurance.java:79)
	at java.base/java.lang.StringConcatHelper.stringOf(StringConcatHelper.java:453)
	at demo.model.Vehicle.toString(Vehicle.java:88)
	at java.base/java.lang.StringConcatHelper.stringOf(StringConcatHelper.java:453)
	at demo.model.Insurance.toString(Insurance.java:79)
	at java.base/java.lang.StringConcatHelper.stringOf(StringConcatHelper.java:453)
	at demo.model.Vehicle.toString(Vehicle.java:88)
	at java.base/java.lang.StringConcatHelper.stringOf(StringConcatHelper.java:453)
	at demo.model.Insurance.toString(Insurance.java:79)
	at java.base/java.lang.StringConcatHelper.stringOf(StringConcatHelper.java:453)
	at demo.model.Vehicle.toString(Vehicle.java:88)
	at java.base/java.lang.StringConcatHelper.stringOf(StringConcatHelper.java:453)
	at demo.model.Insurance.toString(Insurance.java:79)
	at java.base/java.lang.StringConcatHelper.stringOf(StringConcatHelper.java:453)
	at demo.model.Vehicle.toString(Vehicle.java:88)
	at java.base/java.lang.StringConcatHelper.stringOf(StringConcatHelper.java:453)
	at demo.model.Insurance.toString(Insurance.java:79)
	at java.base/java.lang.StringConcatHelper.stringOf(StringConcatHelper.java:453)
	at demo.model.Vehicle.toString(Vehicle.java:88)
	at java.base/java.lang.StringConcatHelper.stringOf(StringConcatHelper.java:453)
	at demo.model.Insurance.toString(Insurance.java:79)
	at java.base/java.lang.StringConcatHelper.stringOf(StringConcatHelper.java:453)
	at demo.model.Vehicle.toString(Vehicle.java:88)
	at java.base/java.lang.StringConcatHelper.stringOf(StringConcatHelper.java:453)
	at demo.model.Insurance.toString(Insurance.java:79)
	at java.base/java.lang.StringConcatHelper.stringOf(StringConcatHelper.java:453)
	at demo.model.Vehicle.toString(Vehicle.java:88)
	at java.base/java.lang.StringConcatHelper.stringOf(StringConcatHelper.java:453)
	at demo.model.Insurance.toString(Insurance.java:79)
	at java.base/java.lang.StringConcatHelper.stringOf(StringConcatHelper.java:453)
	at demo.model.Vehicle.toString(Vehicle.java:88)
	at java.base/java.lang.StringConcatHelper.stringOf(StringConcatHelper.java:453)
	at demo.model.Insurance.toString(Insurance.java:79)
	at java.base/java.lang.StringConcatHelper.stringOf(StringConcatHelper.java:453)
	at demo.model.Vehicle.toString(Vehicle.java:88)
	at java.base/java.lang.StringConcatHelper.stringOf(StringConcatHelper.java:453)
	at demo.model.Insurance.toString(Insurance.java:79)
	at java.base/java.lang.StringConcatHelper.stringOf(StringConcatHelper.java:453)
	at demo.model.Vehicle.toString(Vehicle.java:88)
	at java.base/java.lang.StringConcatHelper.stringOf(StringConcatHelper.java:453)
	at demo.model.Insurance.toString(Insurance.java:79)
	at java.base/java.lang.StringConcatHelper.stringOf(StringConcatHelper.java:453)
	at demo.model.Vehicle.toString(Vehicle.java:88)
	at java.base/java.lang.StringConcatHelper.stringOf(StringConcatHelper.java:453)
	at demo.model.Insurance.toString(Insurance.java:79)
	at java.base/java.lang.StringConcatHelper.stringOf(StringConcatHelper.java:453)
	at demo.model.Vehicle.toString(Vehicle.java:88)
	at java.base/java.lang.StringConcatHelper.stringOf(StringConcatHelper.java:453)
	at demo.model.Insurance.toString(Insurance.java:79)
	at java.base/java.lang.StringConcatHelper.stringOf(StringConcatHelper.java:453)
	at demo.model.Vehicle.toString(Vehicle.java:88)
	at java.base/java.lang.StringConcatHelper.stringOf(StringConcatHelper.java:453)
	at demo.model.Insurance.toString(Insurance.java:79)
	at java.base/java.lang.StringConcatHelper.stringOf(StringConcatHelper.java:453)
	at demo.model.Vehicle.toString(Vehicle.java:88)
	at java.base/java.lang.StringConcatHelper.stringOf(StringConcatHelper.java:453)
	at demo.model.Insurance.toString(Insurance.java:79)
	at java.base/java.lang.StringConcatHelper.stringOf(StringConcatHelper.java:453)
	at demo.model.Vehicle.toString(Vehicle.java:88)
	at java.base/java.lang.StringConcatHelper.stringOf(StringConcatHelper.java:453)
	at demo.model.Insurance.toString(Insurance.java:79)
	at java.base/java.lang.StringConcatHelper.stringOf(StringConcatHelper.java:453)
	at demo.model.Vehicle.toString(Vehicle.java:88)
	at java.base/java.lang.StringConcatHelper.stringOf(StringConcatHelper.java:453)
	at demo.model.Insurance.toString(Insurance.java:79)
	at java.base/java.lang.StringConcatHelper.stringOf(StringConcatHelper.java:453)
	at demo.model.Vehicle.toString(Vehicle.java:88)
	at java.base/java.lang.StringConcatHelper.stringOf(StringConcatHelper.java:453)
	at demo.model.Insurance.toString(Insurance.java:79)
	at java.base/java.lang.StringConcatHelper.stringOf(StringConcatHelper.java:453)
	at demo.model.Vehicle.toString(Vehicle.java:88)
	at java.base/java.lang.StringConcatHelper.stringOf(StringConcatHelper.java:453)
	at demo.model.Insurance.toString(Insurance.java:79)
	at java.base/java.lang.StringConcatHelper.stringOf(StringConcatHelper.java:453)
	at demo.model.Vehicle.toString(Vehicle.java:88)
	at java.base/java.lang.StringConcatHelper.stringOf(StringConcatHelper.java:453)
	at demo.model.Insurance.toString(Insurance.java:79)
	at java.base/java.lang.StringConcatHelper.stringOf(StringConcatHelper.java:453)
	at demo.model.Vehicle.toString(Vehicle.java:88)
	at java.base/java.lang.StringConcatHelper.stringOf(StringConcatHelper.java:453)
	at demo.model.Insurance.toString(Insurance.java:79)
	at java.base/java.lang.StringConcatHelper.stringOf(StringConcatHelper.java:453)
	at demo.model.Vehicle.toString(Vehicle.java:88)
	at java.base/java.lang.StringConcatHelper.stringOf(StringConcatHelper.java:453)
	at demo.model.Insurance.toString(Insurance.java:79)
	at java.base/java.lang.StringConcatHelper.stringOf(StringConcatHelper.java:453)
	at demo.model.Vehicle.toString(Vehicle.java:88)
	at java.base/java.lang.StringConcatHelper.stringOf(StringConcatHelper.java:453)
	at demo.model.Insurance.toString(Insurance.java:79)
	at java.base/java.lang.StringConcatHelper.stringOf(StringConcatHelper.java:453)
	at demo.model.Vehicle.toString(Vehicle.java:88)
	at java.base/java.lang.StringConcatHelper.stringOf(StringConcatHelper.java:453)
	at demo.model.Insurance.toString(Insurance.java:79)
	at java.base/java.lang.StringConcatHelper.stringOf(StringConcatHelper.java:453)
	at demo.model.Vehicle.toString(Vehicle.java:88)
	at java.base/java.lang.StringConcatHelper.stringOf(StringConcatHelper.java:453)
	at demo.model.Insurance.toString(Insurance.java:79)
	at java.base/java.lang.StringConcatHelper.stringOf(StringConcatHelper.java:453)
	at demo.model.Vehicle.toString(Vehicle.java:88)
	at java.base/java.lang.StringConcatHelper.stringOf(StringConcatHelper.java:453)
	at demo.model.Insurance.toString(Insurance.java:79)
	at java.base/java.lang.StringConcatHelper.stringOf(StringConcatHelper.java:453)
	at demo.model.Vehicle.toString(Vehicle.java:88)
	at java.base/java.lang.StringConcatHelper.stringOf(StringConcatHelper.java:453)
	at demo.model.Insurance.toString(Insurance.java:79)
	at java.base/java.lang.StringConcatHelper.stringOf(StringConcatHelper.java:453)
	at demo.model.Vehicle.toString(Vehicle.java:88)
	at java.base/java.lang.StringConcatHelper.stringOf(StringConcatHelper.java:453)
	at demo.model.Insurance.toString(Insurance.java:79)
	at java.base/java.lang.StringConcatHelper.stringOf(StringConcatHelper.java:453)
	at demo.model.Vehicle.toString(Vehicle.java:88)
	at java.base/java.lang.StringConcatHelper.stringOf(StringConcatHelper.java:453)
	at demo.model.Insurance.toString(Insurance.java:79)
	at java.base/java.lang.StringConcatHelper.stringOf(StringConcatHelper.java:453)
	at demo.model.Vehicle.toString(Vehicle.java:88)
	at java.base/java.lang.StringConcatHelper.stringOf(StringConcatHelper.java:453)
	at demo.model.Insurance.toString(Insurance.java:79)
	at java.base/java.lang.StringConcatHelper.stringOf(StringConcatHelper.java:453)
	at demo.model.Vehicle.toString(Vehicle.java:88)
	at java.base/java.lang.StringConcatHelper.stringOf(StringConcatHelper.java:453)
	at demo.model.Insurance.toString(Insurance.java:79)
	at java.base/java.lang.StringConcatHelper.stringOf(StringConcatHelper.java:453)
	at demo.model.Vehicle.toString(Vehicle.java:88)
	at java.base/java.lang.StringConcatHelper.stringOf(StringConcatHelper.java:453)
	at demo.model.Insurance.toString(Insurance.java:79)
	at java.base/java.lang.StringConcatHelper.stringOf(StringConcatHelper.java:453)
	at demo.model.Vehicle.toString(Vehicle.java:88)
	at java.base/java.lang.StringConcatHelper.stringOf(StringConcatHelper.java:453)
	at demo.model.Insurance.toString(Insurance.java:79)
	at java.base/java.lang.StringConcatHelper.stringOf(StringConcatHelper.java:453)
	at demo.model.Vehicle.toString(Vehicle.java:88)
	at java.base/java.lang.StringConcatHelper.stringOf(StringConcatHelper.java:453)
	at demo.model.Insurance.toString(Insurance.java:79)
	at java.base/java.lang.StringConcatHelper.stringOf(StringConcatHelper.java:453)
	at demo.model.Vehicle.toString(Vehicle.java:88)
	at java.base/java.lang.StringConcatHelper.stringOf(StringConcatHelper.java:453)
	at demo.model.Insurance.toString(Insurance.java:79)
	at java.base/java.lang.StringConcatHelper.stringOf(StringConcatHelper.java:453)
	at demo.model.Vehicle.toString(Vehicle.java:88)
	at java.base/java.lang.StringConcatHelper.stringOf(StringConcatHelper.java:453)
	at demo.model.Insurance.toString(Insurance.java:79)
	at java.base/java.lang.StringConcatHelper.stringOf(StringConcatHelper.java:453)
	at demo.model.Vehicle.toString(Vehicle.java:88)
	at java.base/java.lang.StringConcatHelper.stringOf(StringConcatHelper.java:453)
	at demo.model.Insurance.toString(Insurance.java:79)
	at java.base/java.lang.StringConcatHelper.stringOf(StringConcatHelper.java:453)
	at demo.model.Vehicle.toString(Vehicle.java:88)
	at java.base/java.lang.StringConcatHelper.stringOf(StringConcatHelper.java:453)
	at demo.model.Insurance.toString(Insurance.java:79)
	at java.base/java.lang.StringConcatHelper.stringOf(StringConcatHelper.java:453)
	at demo.model.Vehicle.toString(Vehicle.java:88)
	at java.base/java.lang.StringConcatHelper.stringOf(StringConcatHelper.java:453)
	at demo.model.Insurance.toString(Insurance.java:79)
	at java.base/java.lang.StringConcatHelper.stringOf(StringConcatHelper.java:453)
	at demo.model.Vehicle.toString(Vehicle.java:88)
	at java.base/java.lang.StringConcatHelper.stringOf(StringConcatHelper.java:453)
	at demo.model.Insurance.toString(Insurance.java:79)
	at java.base/java.lang.StringConcatHelper.stringOf(StringConcatHelper.java:453)
	at demo.model.Vehicle.toString(Vehicle.java:88)
	at java.base/java.lang.StringConcatHelper.stringOf(StringConcatHelper.java:453)
	at demo.model.Insurance.toString(Insurance.java:79)
	at java.base/java.lang.StringConcatHelper.stringOf(StringConcatHelper.java:453)
	at demo.model.Vehicle.toString(Vehicle.java:88)
	at java.base/java.lang.StringConcatHelper.stringOf(StringConcatHelper.java:453)
	at demo.model.Insurance.toString(Insurance.java:79)
	at java.base/java.lang.StringConcatHelper.stringOf(StringConcatHelper.java:453)
	at demo.model.Vehicle.toString(Vehicle.java:88)
	at java.base/java.lang.StringConcatHelper.stringOf(StringConcatHelper.java:453)
	at demo.model.Insurance.toString(Insurance.java:79)
	at java.base/java.lang.StringConcatHelper.stringOf(StringConcatHelper.java:453)
	at demo.model.Vehicle.toString(Vehicle.java:88)
	at java.base/java.lang.StringConcatHelper.stringOf(StringConcatHelper.java:453)
	at demo.model.Insurance.toString(Insurance.java:79)
	at java.base/java.lang.StringConcatHelper.stringOf(StringConcatHelper.java:453)
	at demo.model.Vehicle.toString(Vehicle.java:88)
	at java.base/java.lang.StringConcatHelper.stringOf(StringConcatHelper.java:453)
	at demo.model.Insurance.toString(Insurance.java:79)
	at java.base/java.lang.StringConcatHelper.stringOf(StringConcatHelper.java:453)
	at demo.model.Vehicle.toString(Vehicle.java:88)
	at java.base/java.lang.StringConcatHelper.stringOf(StringConcatHelper.java:453)
	at demo.model.Insurance.toString(Insurance.java:79)
	at java.base/java.lang.StringConcatHelper.stringOf(StringConcatHelper.java:453)
	at demo.model.Vehicle.toString(Vehicle.java:88)
	at java.base/java.lang.StringConcatHelper.stringOf(StringConcatHelper.java:453)
	at demo.model.Insurance.toString(Insurance.java:79)
	at java.base/java.lang.StringConcatHelper.stringOf(StringConcatHelper.java:453)
	at demo.model.Vehicle.toString(Vehicle.java:88)
	at java.base/java.lang.StringConcatHelper.stringOf(StringConcatHelper.java:453)
	at demo.model.Insurance.toString(Insurance.java:79)
	at java.base/java.lang.StringConcatHelper.stringOf(StringConcatHelper.java:453)
	at demo.model.Vehicle.toString(Vehicle.java:88)
	at java.base/java.lang.StringConcatHelper.stringOf(StringConcatHelper.java:453)
	at demo.model.Insurance.toString(Insurance.java:79)
	at java.base/java.lang.StringConcatHelper.stringOf(StringConcatHelper.java:453)
	at demo.model.Vehicle.toString(Vehicle.java:88)
	at java.base/java.lang.StringConcatHelper.stringOf(StringConcatHelper.java:453)
	at demo.model.Insurance.toString(Insurance.java:79)
	at java.base/java.lang.StringConcatHelper.stringOf(StringConcatHelper.java:453)
	at demo.model.Vehicle.toString(Vehicle.java:88)
	at java.base/java.lang.StringConcatHelper.stringOf(StringConcatHelper.java:453)
	at demo.model.Insurance.toString(Insurance.java:79)
	at java.base/java.lang.StringConcatHelper.stringOf(StringConcatHelper.java:453)
	at demo.model.Vehicle.toString(Vehicle.java:88)
	at java.base/java.lang.StringConcatHelper.stringOf(StringConcatHelper.java:453)
	at demo.model.Insurance.toString(Insurance.java:79)
	at java.base/java.lang.StringConcatHelper.stringOf(StringConcatHelper.java:453)
	at demo.model.Vehicle.toString(Vehicle.java:88)
	at java.base/java.lang.StringConcatHelper.stringOf(StringConcatHelper.java:453)
	at demo.model.Insurance.toString(Insurance.java:79)
	at java.base/java.lang.StringConcatHelper.stringOf(StringConcatHelper.java:453)
	at demo.model.Vehicle.toString(Vehicle.java:88)
	at java.base/java.lang.StringConcatHelper.stringOf(StringConcatHelper.java:453)
	at demo.model.Insurance.toString(Insurance.java:79)
	at java.base/java.lang.StringConcatHelper.stringOf(StringConcatHelper.java:453)
	at demo.model.Vehicle.toString(Vehicle.java:88)
	at java.base/java.lang.StringConcatHelper.stringOf(StringConcatHelper.java:453)
	at demo.model.Insurance.toString(Insurance.java:79)
	at java.base/java.lang.StringConcatHelper.stringOf(StringConcatHelper.java:453)
	at demo.model.Vehicle.toString(Vehicle.java:88)
	at java.base/java.lang.StringConcatHelper.stringOf(StringConcatHelper.java:453)
	at demo.model.Insurance.toString(Insurance.java:79)
	at java.base/java.lang.StringConcatHelper.stringOf(StringConcatHelper.java:453)
	at demo.model.Vehicle.toString(Vehicle.java:88)
	at java.base/java.lang.StringConcatHelper.stringOf(StringConcatHelper.java:453)
	at demo.model.Insurance.toString(Insurance.java:79)
	at java.base/java.lang.StringConcatHelper.stringOf(StringConcatHelper.java:453)
	at demo.model.Vehicle.toString(Vehicle.java:88)
	at java.base/java.lang.StringConcatHelper.stringOf(StringConcatHelper.java:453)
	at demo.model.Insurance.toString(Insurance.java:79)
	at java.base/java.lang.StringConcatHelper.stringOf(StringConcatHelper.java:453)
	at demo.model.Vehicle.toString(Vehicle.java:88)
	at java.base/java.lang.StringConcatHelper.stringOf(StringConcatHelper.java:453)
	at demo.model.Insurance.toString(Insurance.java:79)
	at java.base/java.lang.StringConcatHelper.stringOf(StringConcatHelper.java:453)
	at demo.model.Vehicle.toString(Vehicle.java:88)
	at java.base/java.lang.StringConcatHelper.stringOf(StringConcatHelper.java:453)
	at demo.model.Insurance.toString(Insurance.java:79)
	at java.base/java.lang.StringConcatHelper.stringOf(StringConcatHelper.java:453)
	at demo.model.Vehicle.toString(Vehicle.java:88)
	at java.base/java.lang.StringConcatHelper.stringOf(StringConcatHelper.java:453)
	at demo.model.Insurance.toString(Insurance.java:79)
	at java.base/java.lang.StringConcatHelper.stringOf(StringConcatHelper.java:453)
	at demo.model.Vehicle.toString(Vehicle.java:88)
	at java.base/java.lang.StringConcatHelper.stringOf(StringConcatHelper.java:453)
	at demo.model.Insurance.toString(Insurance.java:79)
	at java.base/java.lang.StringConcatHelper.stringOf(StringConcatHelper.java:453)
	at demo.model.Vehicle.toString(Vehicle.java:88)
	at java.base/java.lang.StringConcatHelper.stringOf(StringConcatHelper.java:453)
	at demo.model.Insurance.toString(Insurance.java:79)
	at java.base/java.lang.StringConcatHelper.stringOf(StringConcatHelper.java:453)
	at demo.model.Vehicle.toString(Vehicle.java:88)
	at java.base/java.lang.StringConcatHelper.stringOf(StringConcatHelper.java:453)
	at demo.model.Insurance.toString(Insurance.java:79)
	at java.base/java.lang.StringConcatHelper.stringOf(StringConcatHelper.java:453)
	at demo.model.Vehicle.toString(Vehicle.java:88)
	at java.base/java.lang.StringConcatHelper.stringOf(StringConcatHelper.java:453)
	at demo.model.Insurance.toString(Insurance.java:79)
	at java.base/java.lang.StringConcatHelper.stringOf(StringConcatHelper.java:453)
	at demo.model.Vehicle.toString(Vehicle.java:88)
	at java.base/java.lang.StringConcatHelper.stringOf(StringConcatHelper.java:453)
	at demo.model.Insurance.toString(Insurance.java:79)
	at java.base/java.lang.StringConcatHelper.stringOf(StringConcatHelper.java:453)
	at demo.model.Vehicle.toString(Vehicle.java:88)
	at java.base/java.lang.StringConcatHelper.stringOf(StringConcatHelper.java:453)
	at demo.model.Insurance.toString(Insurance.java:79)
	at java.base/java.lang.StringConcatHelper.stringOf(StringConcatHelper.java:453)
	at demo.model.Vehicle.toString(Vehicle.java:88)
	at java.base/java.lang.StringConcatHelper.stringOf(StringConcatHelper.java:453)
	at demo.model.Insurance.toString(Insurance.java:79)
	at java.base/java.lang.StringConcatHelper.stringOf(StringConcatHelper.java:453)
	at demo.model.Vehicle.toString(Vehicle.java:88)
	at java.base/java.lang.StringConcatHelper.stringOf(StringConcatHelper.java:453)
	at demo.model.Insurance.toString(Insurance.java:79)
	at java.base/java.lang.StringConcatHelper.stringOf(StringConcatHelper.java:453)
	at demo.model.Vehicle.toString(Vehicle.java:88)
	at java.base/java.lang.StringConcatHelper.stringOf(StringConcatHelper.java:453)
	at demo.model.Insurance.toString(Insurance.java:79)
	at java.base/java.lang.StringConcatHelper.stringOf(StringConcatHelper.java:453)
	at demo.model.Vehicle.toString(Vehicle.java:88)
	at java.base/java.lang.StringConcatHelper.stringOf(StringConcatHelper.java:453)
	at demo.model.Insurance.toString(Insurance.java:79)
	at java.base/java.lang.StringConcatHelper.stringOf(StringConcatHelper.java:453)
	at demo.model.Vehicle.toString(Vehicle.java:88)
	at java.base/java.lang.StringConcatHelper.stringOf(StringConcatHelper.java:453)
	at demo.model.Insurance.toString(Insurance.java:79)
	at java.base/java.lang.StringConcatHelper.stringOf(StringConcatHelper.java:453)
	at demo.model.Vehicle.toString(Vehicle.java:88)
	at java.base/java.lang.StringConcatHelper.stringOf(StringConcatHelper.java:453)
	at demo.model.Insurance.toString(Insurance.java:79)
	at java.base/java.lang.StringConcatHelper.stringOf(StringConcatHelper.java:453)
	at demo.model.Vehicle.toString(Vehicle.java:88)
	at java.base/java.lang.StringConcatHelper.stringOf(StringConcatHelper.java:453)
	at demo.model.Insurance.toString(Insurance.java:79)
	at java.base/java.lang.StringConcatHelper.stringOf(StringConcatHelper.java:453)
	at demo.model.Vehicle.toString(Vehicle.java:88)
	at java.base/java.lang.StringConcatHelper.stringOf(StringConcatHelper.java:453)
	at demo.model.Insurance.toString(Insurance.java:79)
	at java.base/java.lang.StringConcatHelper.stringOf(StringConcatHelper.java:453)
	at demo.model.Vehicle.toString(Vehicle.java:88)
	at java.base/java.lang.StringConcatHelper.stringOf(StringConcatHelper.java:453)
	at demo.model.Insurance.toString(Insurance.java:79)
	at java.base/java.lang.StringConcatHelper.stringOf(StringConcatHelper.java:453)
	at demo.model.Vehicle.toString(Vehicle.java:88)
	at java.base/java.lang.StringConcatHelper.stringOf(StringConcatHelper.java:453)
	at demo.model.Insurance.toString(Insurance.java:79)
	at java.base/java.lang.StringConcatHelper.stringOf(StringConcatHelper.java:453)
	at demo.model.Vehicle.toString(Vehicle.java:88)
	at java.base/java.lang.StringConcatHelper.stringOf(StringConcatHelper.java:453)
	at demo.model.Insurance.toString(Insurance.java:79)
	at java.base/java.lang.StringConcatHelper.stringOf(StringConcatHelper.java:453)
	at demo.model.Vehicle.toString(Vehicle.java:88)
	at java.base/java.lang.StringConcatHelper.stringOf(StringConcatHelper.java:453)
	at demo.model.Insurance.toString(Insurance.java:79)
	at java.base/java.lang.StringConcatHelper.stringOf(StringConcatHelper.java:453)
	at demo.model.Vehicle.toString(Vehicle.java:88)
	at java.base/java.lang.StringConcatHelper.stringOf(StringConcatHelper.java:453)
	at demo.model.Insurance.toString(Insurance.java:79)
	at java.base/java.lang.StringConcatHelper.stringOf(StringConcatHelper.java:453)
	at demo.model.Vehicle.toString(Vehicle.java:88)
	at java.base/java.lang.StringConcatHelper.stringOf(StringConcatHelper.java:453)
	at demo.model.Insurance.toString(Insurance.java:79)
	at java.base/java.lang.StringConcatHelper.stringOf(StringConcatHelper.java:453)
	at demo.model.Vehicle.toString(Vehicle.java:88)
	at java.base/java.lang.StringConcatHelper.stringOf(StringConcatHelper.java:453)
	at demo.model.Insurance.toString(Insurance.java:79)
	at java.base/java.lang.StringConcatHelper.stringOf(StringConcatHelper.java:453)
	at demo.model.Vehicle.toString(Vehicle.java:88)
	at java.base/java.lang.StringConcatHelper.stringOf(StringConcatHelper.java:453)
	at demo.model.Insurance.toString(Insurance.java:79)
	at java.base/java.lang.StringConcatHelper.stringOf(StringConcatHelper.java:453)
	at demo.model.Vehicle.toString(Vehicle.java:88)
	at java.base/java.lang.StringConcatHelper.stringOf(StringConcatHelper.java:453)
	at demo.model.Insurance.toString(Insurance.java:79)
	at java.base/java.lang.StringConcatHelper.stringOf(StringConcatHelper.java:453)
	at demo.model.Vehicle.toString(Vehicle.java:88)
	at java.base/java.lang.StringConcatHelper.stringOf(StringConcatHelper.java:453)
	at demo.model.Insurance.toString(Insurance.java:79)
	at java.base/java.lang.StringConcatHelper.stringOf(StringConcatHelper.java:453)
	at demo.model.Vehicle.toString(Vehicle.java:88)
	at java.base/java.lang.StringConcatHelper.stringOf(StringConcatHelper.java:453)
	at demo.model.Insurance.toString(Insurance.java:79)
	at java.base/java.lang.StringConcatHelper.stringOf(StringConcatHelper.java:453)
	at demo.model.Vehicle.toString(Vehicle.java:88)
	at java.base/java.lang.StringConcatHelper.stringOf(StringConcatHelper.java:453)
	at demo.model.Insurance.toString(Insurance.java:79)
	at java.base/java.lang.StringConcatHelper.stringOf(StringConcatHelper.java:453)
	at demo.model.Vehicle.toString(Vehicle.java:88)
	at java.base/java.lang.StringConcatHelper.stringOf(StringConcatHelper.java:453)
	at demo.model.Insurance.toString(Insurance.java:79)
	at java.base/java.lang.StringConcatHelper.stringOf(StringConcatHelper.java:453)
	at demo.model.Vehicle.toString(Vehicle.java:88)
	at java.base/java.lang.StringConcatHelper.stringOf(StringConcatHelper.java:453)
	at demo.model.Insurance.toString(Insurance.java:79)
	at java.base/java.lang.StringConcatHelper.stringOf(StringConcatHelper.java:453)
	at demo.model.Vehicle.toString(Vehicle.java:88)
	at java.base/java.lang.StringConcatHelper.stringOf(StringConcatHelper.java:453)
	at demo.model.Insurance.toString(Insurance.java:79)
	at java.base/java.lang.StringConcatHelper.stringOf(StringConcatHelper.java:453)
	at demo.model.Vehicle.toString(Vehicle.java:88)
	at java.base/java.lang.StringConcatHelper.stringOf(StringConcatHelper.java:453)
	at demo.model.Insurance.toString(Insurance.java:79)
	at java.base/java.lang.StringConcatHelper.stringOf(StringConcatHelper.java:453)
	at demo.model.Vehicle.toString(Vehicle.java:88)
	at java.base/java.lang.StringConcatHelper.stringOf(StringConcatHelper.java:453)
	at demo.model.Insurance.toString(Insurance.java:79)
	at java.base/java.lang.StringConcatHelper.stringOf(StringConcatHelper.java:453)
	at demo.model.Vehicle.toString(Vehicle.java:88)
	at java.base/java.lang.StringConcatHelper.stringOf(StringConcatHelper.java:453)
	at demo.model.Insurance.toString(Insurance.java:79)
	at java.base/java.lang.StringConcatHelper.stringOf(StringConcatHelper.java:453)
	at demo.model.Vehicle.toString(Vehicle.java:88)
	at java.base/java.lang.StringConcatHelper.stringOf(StringConcatHelper.java:453)
	at demo.model.Insurance.toString(Insurance.java:79)
	at java.base/java.lang.StringConcatHelper.stringOf(StringConcatHelper.java:453)
	at demo.model.Vehicle.toString(Vehicle.java:88)
	at java.base/java.lang.StringConcatHelper.stringOf(StringConcatHelper.java:453)
	at demo.model.Insurance.toString(Insurance.java:79)
	at java.base/java.lang.StringConcatHelper.stringOf(StringConcatHelper.java:453)
	at demo.model.Vehicle.toString(Vehicle.java:88)
	at java.base/java.lang.StringConcatHelper.stringOf(StringConcatHelper.java:453)
	at demo.model.Insurance.toString(Insurance.java:79)
	at java.base/java.lang.StringConcatHelper.stringOf(StringConcatHelper.java:453)
	at demo.model.Vehicle.toString(Vehicle.java:88)
	at java.base/java.lang.StringConcatHelper.stringOf(StringConcatHelper.java:453)
	at demo.model.Insurance.toString(Insurance.java:79)
	at java.base/java.lang.StringConcatHelper.stringOf(StringConcatHelper.java:453)
	at demo.model.Vehicle.toString(Vehicle.java:88)
	at java.base/java.lang.StringConcatHelper.stringOf(StringConcatHelper.java:453)
	at demo.model.Insurance.toString(Insurance.java:79)
	at java.base/java.lang.StringConcatHelper.stringOf(StringConcatHelper.java:453)
	at demo.model.Vehicle.toString(Vehicle.java:88)
	at java.base/java.lang.StringConcatHelper.stringOf(StringConcatHelper.java:453)
	at demo.model.Insurance.toString(Insurance.java:79)
	at java.base/java.lang.StringConcatHelper.stringOf(StringConcatHelper.java:453)
	at demo.model.Vehicle.toString(Vehicle.java:88)
	at java.base/java.lang.StringConcatHelper.stringOf(StringConcatHelper.java:453)
	at demo.model.Insurance.toString(Insurance.java:79)
	at java.base/java.lang.StringConcatHelper.stringOf(StringConcatHelper.java:453)
	at demo.model.Vehicle.toString(Vehicle.java:88)
	at java.base/java.lang.StringConcatHelper.stringOf(StringConcatHelper.java:453)
	at demo.model.Insurance.toString(Insurance.java:79)
	at java.base/java.lang.StringConcatHelper.stringOf(StringConcatHelper.java:453)
	at demo.model.Vehicle.toString(Vehicle.java:88)
	at java.base/java.lang.StringConcatHelper.stringOf(StringConcatHelper.java:453)
	at demo.model.Insurance.toString(Insurance.java:79)
	at java.base/java.lang.StringConcatHelper.stringOf(StringConcatHelper.java:453)
	at demo.model.Vehicle.toString(Vehicle.java:88)
	at java.base/java.lang.StringConcatHelper.stringOf(StringConcatHelper.java:453)
	at demo.model.Insurance.toString(Insurance.java:79)
	at java.base/java.lang.StringConcatHelper.stringOf(StringConcatHelper.java:453)
	at demo.model.Vehicle.toString(Vehicle.java:88)
	at java.base/java.lang.StringConcatHelper.stringOf(StringConcatHelper.java:453)
	at demo.model.Insurance.toString(Insurance.java:79)
	at java.base/java.lang.StringConcatHelper.stringOf(StringConcatHelper.java:453)
	at demo.model.Vehicle.toString(Vehicle.java:88)
	at java.base/java.lang.StringConcatHelper.stringOf(StringConcatHelper.java:453)
	at demo.model.Insurance.toString(Insurance.java:79)
	at java.base/java.lang.StringConcatHelper.stringOf(StringConcatHelper.java:453)
	at demo.model.Vehicle.toString(Vehicle.java:88)
	at java.base/java.lang.StringConcatHelper.stringOf(StringConcatHelper.java:453)
	at demo.model.Insurance.toString(Insurance.java:79)
	at java.base/java.lang.StringConcatHelper.stringOf(StringConcatHelper.java:453)
	at demo.model.Vehicle.toString(Vehicle.java:88)
	at java.base/java.lang.StringConcatHelper.stringOf(StringConcatHelper.java:453)
	at demo.model.Insurance.toString(Insurance.java:79)
	at java.base/java.lang.StringConcatHelper.stringOf(StringConcatHelper.java:453)
	at demo.model.Vehicle.toString(Vehicle.java:88)
	at java.base/java.lang.StringConcatHelper.stringOf(StringConcatHelper.java:453)
	at demo.model.Insurance.toString(Insurance.java:79)
	at java.base/java.lang.StringConcatHelper.stringOf(StringConcatHelper.java:453)
	at demo.model.Vehicle.toString(Vehicle.java:88)
	at java.base/java.lang.StringConcatHelper.stringOf(StringConcatHelper.java:453)
	at demo.model.Insurance.toString(Insurance.java:79)
	at java.base/java.lang.StringConcatHelper.stringOf(StringConcatHelper.java:453)
	at demo.model.Vehicle.toString(Vehicle.java:88)
	at java.base/java.lang.StringConcatHelper.stringOf(StringConcatHelper.java:453)
	at demo.model.Insurance.toString(Insurance.java:79)
	at java.base/java.lang.StringConcatHelper.stringOf(StringConcatHelper.java:453)
	at demo.model.Vehicle.toString(Vehicle.java:88)
	at java.base/java.lang.StringConcatHelper.stringOf(StringConcatHelper.java:453)
	at demo.model.Insurance.toString(Insurance.java:79)
	at java.base/java.lang.StringConcatHelper.stringOf(StringConcatHelper.java:453)
	at demo.model.Vehicle.toString(Vehicle.java:88)
	at java.base/java.lang.StringConcatHelper.stringOf(StringConcatHelper.java:453)
	at demo.model.Insurance.toString(Insurance.java:79)
	at java.base/java.lang.StringConcatHelper.stringOf(StringConcatHelper.java:453)
	at demo.model.Vehicle.toString(Vehicle.java:88)
	at java.base/java.lang.StringConcatHelper.stringOf(StringConcatHelper.java:453)
	at demo.model.Insurance.toString(Insurance.java:79)
	at java.base/java.lang.StringConcatHelper.stringOf(StringConcatHelper.java:453)
	at demo.model.Vehicle.toString(Vehicle.java:88)
	at java.base/java.lang.StringConcatHelper.stringOf(StringConcatHelper.java:453)
	at demo.model.Insurance.toString(Insurance.java:79)
	at java.base/java.lang.StringConcatHelper.stringOf(StringConcatHelper.java:453)
	at demo.model.Vehicle.toString(Vehicle.java:88)
	at java.base/java.lang.StringConcatHelper.stringOf(StringConcatHelper.java:453)
	at demo.model.Insurance.toString(Insurance.java:79)
	at java.base/java.lang.StringConcatHelper.stringOf(StringConcatHelper.java:453)
	at demo.model.Vehicle.toString(Vehicle.java:88)
	at java.base/java.lang.StringConcatHelper.stringOf(StringConcatHelper.java:453)
	at demo.model.Insurance.toString(Insurance.java:79)
	at java.base/java.lang.StringConcatHelper.stringOf(StringConcatHelper.java:453)
	at demo.model.Vehicle.toString(Vehicle.java:88)
	at java.base/java.lang.StringConcatHelper.stringOf(StringConcatHelper.java:453)
	at demo.model.Insurance.toString(Insurance.java:79)
	at java.base/java.lang.StringConcatHelper.stringOf(StringConcatHelper.java:453)
	at demo.model.Vehicle.toString(Vehicle.java:88)
	at java.base/java.lang.StringConcatHelper.stringOf(StringConcatHelper.java:453)
	at demo.model.Insurance.toString(Insurance.java:79)
	at java.base/java.lang.StringConcatHelper.stringOf(StringConcatHelper.java:453)
	at demo.model.Vehicle.toString(Vehicle.java:88)
	at java.base/java.lang.StringConcatHelper.stringOf(StringConcatHelper.java:453)
	at demo.model.Insurance.toString(Insurance.java:79)
	at java.base/java.lang.StringConcatHelper.stringOf(StringConcatHelper.java:453)
	at demo.model.Vehicle.toString(Vehicle.java:88)
	at java.base/java.lang.StringConcatHelper.stringOf(StringConcatHelper.java:453)
	at demo.model.Insurance.toString(Insurance.java:79)
	at java.base/java.lang.StringConcatHelper.stringOf(StringConcatHelper.java:453)
	at demo.model.Vehicle.toString(Vehicle.java:88)
	at java.base/java.lang.StringConcatHelper.stringOf(StringConcatHelper.java:453)
	at demo.model.Insurance.toString(Insurance.java:79)
	at java.base/java.lang.StringConcatHelper.stringOf(StringConcatHelper.java:453)
	at demo.model.Vehicle.toString(Vehicle.java:88)
	at java.base/java.lang.StringConcatHelper.stringOf(StringConcatHelper.java:453)
	at demo.model.Insurance.toString(Insurance.java:79)
	at java.base/java.lang.StringConcatHelper.stringOf(StringConcatHelper.java:453)
	at demo.model.Vehicle.toString(Vehicle.java:88)
	at java.base/java.lang.StringConcatHelper.stringOf(StringConcatHelper.java:453)
	at demo.model.Insurance.toString(Insurance.java:79)
	at java.base/java.lang.StringConcatHelper.stringOf(StringConcatHelper.java:453)
	at demo.model.Vehicle.toString(Vehicle.java:88)
	at java.base/java.lang.StringConcatHelper.stringOf(StringConcatHelper.java:453)
	at demo.model.Insurance.toString(Insurance.java:79)
	at java.base/java.lang.StringConcatHelper.stringOf(StringConcatHelper.java:453)
	at demo.model.Vehicle.toString(Vehicle.java:88)
	at java.base/java.lang.StringConcatHelper.stringOf(StringConcatHelper.java:453)
	at demo.model.Insurance.toString(Insurance.java:79)
	at java.base/java.lang.StringConcatHelper.stringOf(StringConcatHelper.java:453)
	at demo.model.Vehicle.toString(Vehicle.java:88)
	at java.base/java.lang.StringConcatHelper.stringOf(StringConcatHelper.java:453)
	at demo.model.Insurance.toString(Insurance.java:79)
	at java.base/java.lang.StringConcatHelper.stringOf(StringConcatHelper.java:453)
	at demo.model.Vehicle.toString(Vehicle.java:88)
	at java.base/java.lang.StringConcatHelper.stringOf(StringConcatHelper.java:453)
	at demo.model.Insurance.toString(Insurance.java:79)
	at java.base/java.lang.StringConcatHelper.stringOf(StringConcatHelper.java:453)
	at demo.model.Vehicle.toString(Vehicle.java:88)
	at java.base/java.lang.StringConcatHelper.stringOf(StringConcatHelper.java:453)
	at demo.model.Insurance.toString(Insurance.java:79)
	at java.base/java.lang.StringConcatHelper.stringOf(StringConcatHelper.java:453)
	at demo.model.Vehicle.toString(Vehicle.java:88)
	at java.base/java.lang.StringConcatHelper.stringOf(StringConcatHelper.java:453)
	at demo.model.Insurance.toString(Insurance.java:79)
	at java.base/java.lang.StringConcatHelper.stringOf(StringConcatHelper.java:453)
	at demo.model.Vehicle.toString(Vehicle.java:88)
	at java.base/java.lang.StringConcatHelper.stringOf(StringConcatHelper.java:453)
	at demo.model.Insurance.toString(Insurance.java:79)
	at java.base/java.lang.StringConcatHelper.stringOf(StringConcatHelper.java:453)
	at demo.model.Vehicle.toString(Vehicle.java:88)
	at java.base/java.lang.StringConcatHelper.stringOf(StringConcatHelper.java:453)
	at demo.model.Insurance.toString(Insurance.java:79)
	at java.base/java.lang.StringConcatHelper.stringOf(StringConcatHelper.java:453)
	at demo.model.Vehicle.toString(Vehicle.java:88)
	at java.base/java.lang.StringConcatHelper.stringOf(StringConcatHelper.java:453)
	at demo.model.Insurance.toString(Insurance.java:79)
	at java.base/java.lang.StringConcatHelper.stringOf(StringConcatHelper.java:453)
	at demo.model.Vehicle.toString(Vehicle.java:88)
	at java.base/java.lang.StringConcatHelper.stringOf(StringConcatHelper.java:453)
	at demo.model.Insurance.toString(Insurance.java:79)
	at java.base/java.lang.StringConcatHelper.stringOf(StringConcatHelper.java:453)
	at demo.model.Vehicle.toString(Vehicle.java:88)
	at java.base/java.lang.StringConcatHelper.stringOf(StringConcatHelper.java:453)
	at demo.model.Insurance.toString(Insurance.java:79)
	at java.base/java.lang.StringConcatHelper.stringOf(StringConcatHelper.java:453)
	at demo.model.Vehicle.toString(Vehicle.java:88)
	at java.base/java.lang.StringConcatHelper.stringOf(StringConcatHelper.java:453)
	at demo.model.Insurance.toString(Insurance.java:79)
	at java.base/java.lang.StringConcatHelper.stringOf(StringConcatHelper.java:453)
	at demo.model.Vehicle.toString(Vehicle.java:88)
	at java.base/java.lang.StringConcatHelper.stringOf(StringConcatHelper.java:453)
	at demo.model.Insurance.toString(Insurance.java:79)
	at java.base/java.lang.StringConcatHelper.stringOf(StringConcatHelper.java:453)
	at demo.model.Vehicle.toString(Vehicle.java:88)
	at java.base/java.lang.StringConcatHelper.stringOf(StringConcatHelper.java:453)
	at demo.model.Insurance.toString(Insurance.java:79)
	at java.base/java.lang.StringConcatHelper.stringOf(StringConcatHelper.java:453)
	at demo.model.Vehicle.toString(Vehicle.java:88)
	at java.base/java.lang.StringConcatHelper.stringOf(StringConcatHelper.java:453)
	at demo.model.Insurance.toString(Insurance.java:79)
	at java.base/java.lang.StringConcatHelper.stringOf(StringConcatHelper.java:453)
	at demo.model.Vehicle.toString(Vehicle.java:88)
	at java.base/java.lang.StringConcatHelper.stringOf(StringConcatHelper.java:453)
	at demo.model.Insurance.toString(Insurance.java:79)
	at java.base/java.lang.StringConcatHelper.stringOf(StringConcatHelper.java:453)
	at demo.model.Vehicle.toString(Vehicle.java:88)
	at java.base/java.lang.StringConcatHelper.stringOf(StringConcatHelper.java:453)
	at demo.model.Insurance.toString(Insurance.java:79)
	at java.base/java.lang.StringConcatHelper.stringOf(StringConcatHelper.java:453)
	at demo.model.Vehicle.toString(Vehicle.java:88)
	at java.base/java.lang.StringConcatHelper.stringOf(StringConcatHelper.java:453)
	at demo.model.Insurance.toString(Insurance.java:79)
	at java.base/java.lang.StringConcatHelper.stringOf(StringConcatHelper.java:453)
	at demo.model.Vehicle.toString(Vehicle.java:88)
	at java.base/java.lang.StringConcatHelper.stringOf(StringConcatHelper.java:453)
	at demo.model.Insurance.toString(Insurance.java:79)
	at java.base/java.lang.StringConcatHelper.stringOf(StringConcatHelper.java:453)
	at demo.model.Vehicle.toString(Vehicle.java:88)
	at java.base/java.lang.StringConcatHelper.stringOf(StringConcatHelper.java:453)
	at demo.model.Insurance.toString(Insurance.java:79)
	at java.base/java.lang.StringConcatHelper.stringOf(StringConcatHelper.java:453)
	at demo.model.Vehicle.toString(Vehicle.java:88)
	at java.base/java.lang.StringConcatHelper.stringOf(StringConcatHelper.java:453)
	at demo.model.Insurance.toString(Insurance.java:79)
	at java.base/java.lang.StringConcatHelper.stringOf(StringConcatHelper.java:453)
	at demo.model.Vehicle.toString(Vehicle.java:88)
	at java.base/java.lang.StringConcatHelper.stringOf(StringConcatHelper.java:453)
	at demo.model.Insurance.toString(Insurance.java:79)
	at java.base/java.lang.StringConcatHelper.stringOf(StringConcatHelper.java:453)
	at demo.model.Vehicle.toString(Vehicle.java:88)
	at java.base/java.lang.StringConcatHelper.stringOf(StringConcatHelper.java:453)
	at demo.model.Insurance.toString(Insurance.java:79)
	at java.base/java.lang.StringConcatHelper.stringOf(StringConcatHelper.java:453)
	at demo.model.Vehicle.toString(Vehicle.java:88)
	at java.base/java.lang.StringConcatHelper.stringOf(StringConcatHelper.java:453)
	at demo.model.Insurance.toString(Insurance.java:79)
	at java.base/java.lang.StringConcatHelper.stringOf(StringConcatHelper.java:453)
	at demo.model.Vehicle.toString(Vehicle.java:88)
	at java.base/java.lang.StringConcatHelper.stringOf(StringConcatHelper.java:453)
	at demo.model.Insurance.toString(Insurance.java:79)
	at java.base/java.lang.StringConcatHelper.stringOf(StringConcatHelper.java:453)
	at demo.model.Vehicle.toString(Vehicle.java:88)
	at java.base/java.lang.StringConcatHelper.stringOf(StringConcatHelper.java:453)
	at demo.model.Insurance.toString(Insurance.java:79)
	at java.base/java.lang.StringConcatHelper.stringOf(StringConcatHelper.java:453)
	at demo.model.Vehicle.toString(Vehicle.java:88)
	at java.base/java.lang.StringConcatHelper.stringOf(StringConcatHelper.java:453)
	at demo.model.Insurance.toString(Insurance.java:79)
	at java.base/java.lang.StringConcatHelper.stringOf(StringConcatHelper.java:453)
	at demo.model.Vehicle.toString(Vehicle.java:88)
	at java.base/java.lang.StringConcatHelper.stringOf(StringConcatHelper.java:453)
	at demo.model.Insurance.toString(Insurance.java:79)
	at java.base/java.lang.StringConcatHelper.stringOf(StringConcatHelper.java:453)
	at demo.model.Vehicle.toString(Vehicle.java:88)
	at java.base/java.lang.StringConcatHelper.stringOf(StringConcatHelper.java:453)
	at demo.model.Insurance.toString(Insurance.java:79)
	at java.base/java.lang.StringConcatHelper.stringOf(StringConcatHelper.java:453)
	at demo.model.Vehicle.toString(Vehicle.java:88)
	at java.base/java.lang.StringConcatHelper.stringOf(StringConcatHelper.java:453)
	at demo.model.Insurance.toString(Insurance.java:79)
	at java.base/java.lang.StringConcatHelper.stringOf(StringConcatHelper.java:453)
	at demo.model.Vehicle.toString(Vehicle.java:88)
	at java.base/java.lang.StringConcatHelper.stringOf(StringConcatHelper.java:453)
	at demo.model.Insurance.toString(Insurance.java:79)
	at java.base/java.lang.StringConcatHelper.stringOf(StringConcatHelper.java:453)
	at demo.model.Vehicle.toString(Vehicle.java:88)
	at java.base/java.lang.StringConcatHelper.stringOf(StringConcatHelper.java:453)
	at demo.model.Insurance.toString(Insurance.java:79)
	at java.base/java.lang.StringConcatHelper.stringOf(StringConcatHelper.java:453)
	at demo.model.Vehicle.toString(Vehicle.java:88)
	at java.base/java.lang.StringConcatHelper.stringOf(StringConcatHelper.java:453)
	at demo.model.Insurance.toString(Insurance.java:79)
	at java.base/java.lang.StringConcatHelper.stringOf(StringConcatHelper.java:453)
	at demo.model.Vehicle.toString(Vehicle.java:88)
	at java.base/java.lang.StringConcatHelper.stringOf(StringConcatHelper.java:453)
	at demo.model.Insurance.toString(Insurance.java:79)
	at java.base/java.lang.StringConcatHelper.stringOf(StringConcatHelper.java:453)
	at demo.model.Vehicle.toString(Vehicle.java:88)
	at java.base/java.lang.StringConcatHelper.stringOf(StringConcatHelper.java:453)
	at demo.model.Insurance.toString(Insurance.java:79)
	at java.base/java.lang.StringConcatHelper.stringOf(StringConcatHelper.java:453)
	at demo.model.Vehicle.toString(Vehicle.java:88)
	at java.base/java.lang.StringConcatHelper.stringOf(StringConcatHelper.java:453)
	at demo.model.Insurance.toString(Insurance.java:79)
	at java.base/java.lang.StringConcatHelper.stringOf(StringConcatHelper.java:453)
	at demo.model.Vehicle.toString(Vehicle.java:88)
	at java.base/java.lang.StringConcatHelper.stringOf(StringConcatHelper.java:453)
	at demo.model.Insurance.toString(Insurance.java:79)
	at java.base/java.lang.StringConcatHelper.stringOf(StringConcatHelper.java:453)
	at demo.model.Vehicle.toString(Vehicle.java:88)
	at java.base/java.lang.StringConcatHelper.stringOf(StringConcatHelper.java:453)
	at demo.model.Insurance.toString(Insurance.java:79)
	at java.base/java.lang.StringConcatHelper.stringOf(StringConcatHelper.java:453)
	at demo.model.Vehicle.toString(Vehicle.java:88)
	at java.base/java.lang.StringConcatHelper.stringOf(StringConcatHelper.java:453)
	at demo.model.Insurance.toString(Insurance.java:79)
	at java.base/java.lang.StringConcatHelper.stringOf(StringConcatHelper.java:453)
	at demo.model.Vehicle.toString(Vehicle.java:88)
	at java.base/java.lang.StringConcatHelper.stringOf(StringConcatHelper.java:453)
	at demo.model.Insurance.toString(Insurance.java:79)
	at java.base/java.lang.StringConcatHelper.stringOf(StringConcatHelper.java:453)
	at demo.model.Vehicle.toString(Vehicle.java:88)
	at java.base/java.lang.StringConcatHelper.stringOf(StringConcatHelper.java:453)
	at demo.model.Insurance.toString(Insurance.java:79)
	at java.base/java.lang.StringConcatHelper.stringOf(StringConcatHelper.java:453)
	at demo.model.Vehicle.toString(Vehicle.java:88)
	at java.base/java.lang.StringConcatHelper.stringOf(StringConcatHelper.java:453)
	at demo.model.Insurance.toString(Insurance.java:79)
	at java.base/java.lang.StringConcatHelper.stringOf(StringConcatHelper.java:453)
	at demo.model.Vehicle.toString(Vehicle.java:88)
	at java.base/java.lang.StringConcatHelper.stringOf(StringConcatHelper.java:453)
	at demo.model.Insurance.toString(Insurance.java:79)
	at java.base/java.lang.StringConcatHelper.stringOf(StringConcatHelper.java:453)
	at demo.model.Vehicle.toString(Vehicle.java:88)
	at java.base/java.lang.StringConcatHelper.stringOf(StringConcatHelper.java:453)
	at demo.model.Insurance.toString(Insurance.java:79)
	at java.base/java.lang.StringConcatHelper.stringOf(StringConcatHelper.java:453)
	at demo.model.Vehicle.toString(Vehicle.java:88)
	at java.base/java.lang.StringConcatHelper.stringOf(StringConcatHelper.java:453)
	at demo.model.Insurance.toString(Insurance.java:79)
	at java.base/java.lang.StringConcatHelper.stringOf(StringConcatHelper.java:453)
	at demo.model.Vehicle.toString(Vehicle.java:88)
	at java.base/java.lang.StringConcatHelper.stringOf(StringConcatHelper.java:453)
	at demo.model.Insurance.toString(Insurance.java:79)
	at java.base/java.lang.StringConcatHelper.stringOf(StringConcatHelper.java:453)
	at demo.model.Vehicle.toString(Vehicle.java:88)
	at java.base/java.lang.StringConcatHelper.stringOf(StringConcatHelper.java:453)
	at demo.model.Insurance.toString(Insurance.java:79)
	at java.base/java.lang.StringConcatHelper.stringOf(StringConcatHelper.java:453)
	at demo.model.Vehicle.toString(Vehicle.java:88)
	at java.base/java.lang.StringConcatHelper.stringOf(StringConcatHelper.java:453)
	at demo.model.Insurance.toString(Insurance.java:79)
	at java.base/java.lang.StringConcatHelper.stringOf(StringConcatHelper.java:453)
	at demo.model.Vehicle.toString(Vehicle.java:88)
	at java.base/java.lang.StringConcatHelper.stringOf(StringConcatHelper.java:453)
	at demo.model.Insurance.toString(Insurance.java:79)
	at java.base/java.lang.StringConcatHelper.stringOf(StringConcatHelper.java:453)
	at demo.model.Vehicle.toString(Vehicle.java:88)
	at java.base/java.lang.StringConcatHelper.stringOf(StringConcatHelper.java:453)
	at demo.model.Insurance.toString(Insurance.java:79)
	at java.base/java.lang.StringConcatHelper.stringOf(StringConcatHelper.java:453)
	at demo.model.Vehicle.toString(Vehicle.java:88)
	at java.base/java.lang.StringConcatHelper.stringOf(StringConcatHelper.java:453)
	at demo.model.Insurance.toString(Insurance.java:79)
	at java.base/java.lang.StringConcatHelper.stringOf(StringConcatHelper.java:453)
	at demo.model.Vehicle.toString(Vehicle.java:88)
	at java.base/java.lang.StringConcatHelper.stringOf(StringConcatHelper.java:453)
	at demo.model.Insurance.toString(Insurance.java:79)
	at java.base/java.lang.StringConcatHelper.stringOf(StringConcatHelper.java:453)
	at demo.model.Vehicle.toString(Vehicle.java:88)
	at java.base/java.lang.StringConcatHelper.stringOf(StringConcatHelper.java:453)
	at demo.model.Insurance.toString(Insurance.java:79)
	at java.base/java.lang.StringConcatHelper.stringOf(StringConcatHelper.java:453)
	at demo.model.Vehicle.toString(Vehicle.java:88)
	at java.base/java.lang.StringConcatHelper.stringOf(StringConcatHelper.java:453)
	at demo.model.Insurance.toString(Insurance.java:79)
	at java.base/java.lang.StringConcatHelper.stringOf(StringConcatHelper.java:453)
	at demo.model.Vehicle.toString(Vehicle.java:88)
	at java.base/java.lang.StringConcatHelper.stringOf(StringConcatHelper.java:453)
	at demo.model.Insurance.toString(Insurance.java:79)
	at java.base/java.lang.StringConcatHelper.stringOf(StringConcatHelper.java:453)
	at demo.model.Vehicle.toString(Vehicle.java:88)
	at java.base/java.lang.StringConcatHelper.stringOf(StringConcatHelper.java:453)
	at demo.model.Insurance.toString(Insurance.java:79)
	at java.base/java.lang.StringConcatHelper.stringOf(StringConcatHelper.java:453)
	at demo.model.Vehicle.toString(Vehicle.java:88)
	at java.base/java.lang.StringConcatHelper.stringOf(StringConcatHelper.java:453)
	at demo.model.Insurance.toString(Insurance.java:79)
	at java.base/java.lang.StringConcatHelper.stringOf(StringConcatHelper.java:453)
	at demo.model.Vehicle.toString(Vehicle.java:88)
	at java.base/java.lang.StringConcatHelper.stringOf(StringConcatHelper.java:453)
	at demo.model.Insurance.toString(Insurance.java:79)
	at java.base/java.lang.StringConcatHelper.stringOf(StringConcatHelper.java:453)
	at demo.model.Vehicle.toString(Vehicle.java:88)
	at java.base/java.lang.StringConcatHelper.stringOf(StringConcatHelper.java:453)
	at demo.model.Insurance.toString(Insurance.java:79)
	at java.base/java.lang.StringConcatHelper.stringOf(StringConcatHelper.java:453)
	at demo.model.Vehicle.toString(Vehicle.java:88)
	at java.base/java.lang.StringConcatHelper.stringOf(StringConcatHelper.java:453)
	at demo.model.Insurance.toString(Insurance.java:79)
	at java.base/java.lang.StringConcatHelper.stringOf(StringConcatHelper.java:453)
	at demo.model.Vehicle.toString(Vehicle.java:88)
	at java.base/java.lang.StringConcatHelper.stringOf(StringConcatHelper.java:453)
	at demo.model.Insurance.toString(Insurance.java:79)
	at java.base/java.lang.StringConcatHelper.stringOf(StringConcatHelper.java:453)
	at demo.model.Vehicle.toString(Vehicle.java:88)
	at java.base/java.lang.StringConcatHelper.stringOf(StringConcatHelper.java:453)
	at demo.model.Insurance.toString(Insurance.java:79)
	at java.base/java.lang.StringConcatHelper.stringOf(StringConcatHelper.java:453)
	at demo.model.Vehicle.toString(Vehicle.java:88)
	at java.base/java.lang.StringConcatHelper.stringOf(StringConcatHelper.java:453)
	at demo.model.Insurance.toString(Insurance.java:79)
	at java.base/java.lang.StringConcatHelper.stringOf(StringConcatHelper.java:453)
	at demo.model.Vehicle.toString(Vehicle.java:88)
	at java.base/java.lang.StringConcatHelper.stringOf(StringConcatHelper.java:453)
	at demo.model.Insurance.toString(Insurance.java:79)
	at java.base/java.lang.StringConcatHelper.stringOf(StringConcatHelper.java:453)
	at demo.model.Vehicle.toString(Vehicle.java:88)
	at java.base/java.lang.StringConcatHelper.stringOf(StringConcatHelper.java:453)
	at demo.model.Insurance.toString(Insurance.java:79)
	at java.base/java.lang.StringConcatHelper.stringOf(StringConcatHelper.java:453)
	at demo.model.Vehicle.toString(Vehicle.java:88)
	at java.base/java.lang.StringConcatHelper.stringOf(StringConcatHelper.java:453)
	at demo.model.Insurance.toString(Insurance.java:79)
	at java.base/java.lang.StringConcatHelper.stringOf(StringConcatHelper.java:453)
	at demo.model.Vehicle.toString(Vehicle.java:88)
	at java.base/java.lang.StringConcatHelper.stringOf(StringConcatHelper.java:453)
	at demo.model.Insurance.toString(Insurance.java:79)
	at java.base/java.lang.StringConcatHelper.stringOf(StringConcatHelper.java:453)
	at demo.model.Vehicle.toString(Vehicle.java:88)
	at java.base/java.lang.StringConcatHelper.stringOf(StringConcatHelper.java:453)
	at demo.model.Insurance.toString(Insurance.java:79)
	at java.base/java.lang.StringConcatHelper.stringOf(StringConcatHelper.java:453)
	at demo.model.Vehicle.toString(Vehicle.java:88)
	at java.base/java.lang.StringConcatHelper.stringOf(StringConcatHelper.java:453)
	at demo.model.Insurance.toString(Insurance.java:79)
	at java.base/java.lang.StringConcatHelper.stringOf(StringConcatHelper.java:453)
	at demo.model.Vehicle.toString(Vehicle.java:88)
	at java.base/java.lang.StringConcatHelper.stringOf(StringConcatHelper.java:453)
	at demo.model.Insurance.toString(Insurance.java:79)
	at java.base/java.lang.StringConcatHelper.stringOf(StringConcatHelper.java:453)
	at demo.model.Vehicle.toString(Vehicle.java:88)
	at java.base/java.lang.StringConcatHelper.stringOf(StringConcatHelper.java:453)
	at demo.model.Insurance.toString(Insurance.java:79)
	at java.base/java.lang.StringConcatHelper.stringOf(StringConcatHelper.java:453)
</failure>
  </testcase>
  <system-out><![CDATA[]]>&#x1f4ab;<![CDATA[ Prepared Statement = SELECT
v.id AS vehicle_id, v.brand AS vehicle_brand, v.model AS vehicle_model, v.insert_time AS vehicle_i_time
,io.id AS insurance_id, io.insurer AS insurance_insurer, io.price AS insurance_price, io.insert_time AS insurance_i_time
FROM users u
INNER JOIN vehicles v ON u.login = v.login
INNER JOIN insurance_offers io ON v.id = io.vehicle_id
WHERE u.id = -1 ORDER BY v.insert_time
]]></system-out>
  <system-err><![CDATA[]]></system-err>
</testsuite>
